Determining if the pthread_create exist failed with the following output:
Change Dir: /home/jaholtz/code/cobot_simulator/cobot_msgs/build/CMakeFiles/CMakeTmp

Run Build Command:"/usr/bin/make" "cmTC_cc5c7/fast"
make[2]: Entering directory '/home/jaholtz/code/cobot_simulator/cobot_msgs/build/CMakeFiles/CMakeTmp'
/usr/bin/make -f CMakeFiles/cmTC_cc5c7.dir/build.make CMakeFiles/cmTC_cc5c7.dir/build
make[3]: Entering directory '/home/jaholtz/code/cobot_simulator/cobot_msgs/build/CMakeFiles/CMakeTmp'
Building C object CMakeFiles/cmTC_cc5c7.dir/CheckSymbolExists.c.o
/usr/bin/cc     -o CMakeFiles/cmTC_cc5c7.dir/CheckSymbolExists.c.o   -c /home/jaholtz/code/cobot_simulator/cobot_msgs/build/CMakeFiles/CMakeTmp/CheckSymbolExists.c
Linking C executable cmTC_cc5c7
/usr/bin/cmake -E cmake_link_script CMakeFiles/cmTC_cc5c7.dir/link.txt --verbose=1
/usr/bin/cc       CMakeFiles/cmTC_cc5c7.dir/CheckSymbolExists.c.o  -o cmTC_cc5c7 -rdynamic 
CMakeFiles/cmTC_cc5c7.dir/CheckSymbolExists.c.o: In function `main':
CheckSymbolExists.c:(.text+0x16): undefined reference to `pthread_create'
collect2: error: ld returned 1 exit status
CMakeFiles/cmTC_cc5c7.dir/build.make:97: recipe for target 'cmTC_cc5c7' failed
make[3]: *** [cmTC_cc5c7] Error 1
make[3]: Leaving directory '/home/jaholtz/code/cobot_simulator/cobot_msgs/build/CMakeFiles/CMakeTmp'
Makefile:126: recipe for target 'cmTC_cc5c7/fast' failed
make[2]: *** [cmTC_cc5c7/fast] Error 2
make[2]: Leaving directory '/home/jaholtz/code/cobot_simulator/cobot_msgs/build/CMakeFiles/CMakeTmp'

File /home/jaholtz/code/cobot_simulator/cobot_msgs/build/CMakeFiles/CMakeTmp/CheckSymbolExists.c:
/* */
#include <pthread.h>

int main(int argc, char** argv)
{
  (void)argv;
#ifndef pthread_create
  return ((int*)(&pthread_create))[argc];
#else
  (void)argc;
  return 0;
#endif
}

Determining if the function pthread_create exists in the pthreads failed with the following output:
Change Dir: /home/jaholtz/code/cobot_simulator/cobot_msgs/build/CMakeFiles/CMakeTmp

Run Build Command:"/usr/bin/make" "cmTC_823a0/fast"
make[2]: Entering directory '/home/jaholtz/code/cobot_simulator/cobot_msgs/build/CMakeFiles/CMakeTmp'
/usr/bin/make -f CMakeFiles/cmTC_823a0.dir/build.make CMakeFiles/cmTC_823a0.dir/build
make[3]: Entering directory '/home/jaholtz/code/cobot_simulator/cobot_msgs/build/CMakeFiles/CMakeTmp'
Building C object CMakeFiles/cmTC_823a0.dir/CheckFunctionExists.c.o
/usr/bin/cc    -DCHECK_FUNCTION_EXISTS=pthread_create   -o CMakeFiles/cmTC_823a0.dir/CheckFunctionExists.c.o   -c /usr/share/cmake-3.5/Modules/CheckFunctionExists.c
Linking C executable cmTC_823a0
/usr/bin/cmake -E cmake_link_script CMakeFiles/cmTC_823a0.dir/link.txt --verbose=1
/usr/bin/cc   -DCHECK_FUNCTION_EXISTS=pthread_create    CMakeFiles/cmTC_823a0.dir/CheckFunctionExists.c.o  -o cmTC_823a0 -rdynamic -lpthreads 
/usr/bin/ld: cannot find -lpthreads
collect2: error: ld returned 1 exit status
CMakeFiles/cmTC_823a0.dir/build.make:97: recipe for target 'cmTC_823a0' failed
make[3]: *** [cmTC_823a0] Error 1
make[3]: Leaving directory '/home/jaholtz/code/cobot_simulator/cobot_msgs/build/CMakeFiles/CMakeTmp'
Makefile:126: recipe for target 'cmTC_823a0/fast' failed
make[2]: *** [cmTC_823a0/fast] Error 2
make[2]: Leaving directory '/home/jaholtz/code/cobot_simulator/cobot_msgs/build/CMakeFiles/CMakeTmp'


